<?xml version="1.0" encoding="UTF-8"?>
<!-- Generated by org.testng.reporters.JUnitReportReporter -->
<testsuite hostname="ASDLAPKCH0239" failures="0" tests="3" name="com.assigments.LambdaTestAutomation" time="13.882" errors="0" timestamp="2024-08-21T17:24:01 IST" skipped="2">
  <testcase classname="com.assigments.LambdaTestAutomation" name="tc_TestScenario003" time="13.882"/>
  <system-out/>
  <testcase classname="com.assigments.LambdaTestAutomation" name="tc_TestScenario001">
    <skipped/>
  </testcase> <!-- tc_TestScenario001 -->
  <system-out/>
  <testcase classname="com.assigments.LambdaTestAutomation" name="tc_TestScenario002">
    <skipped/>
  </testcase> <!-- tc_TestScenario002 -->
  <system-out/>
</testsuite> <!-- com.assigments.LambdaTestAutomation -->
