<?xml version="1.0" encoding="UTF-8"?>
<!-- Generated by org.testng.reporters.JUnitReportReporter -->
<testsuite hostname="ASDLAPKCH0239" failures="0" tests="3" name="com.assigments.tests.LambdaTestAutomation" time="55.218" errors="0" timestamp="2024-08-21T18:40:30 IST" skipped="0">
  <testcase classname="com.assigments.tests.LambdaTestAutomation" name="tc_TestScenario002" time="14.724"/>
  <system-out/>
  <testcase classname="com.assigments.tests.LambdaTestAutomation" name="tc_TestScenario001" time="19.170"/>
  <system-out/>
  <testcase classname="com.assigments.tests.LambdaTestAutomation" name="tc_TestScenario003" time="21.324"/>
  <system-out/>
</testsuite> <!-- com.assigments.tests.LambdaTestAutomation -->
